
## ---------------------- ##
## Running config.status. ##
## ---------------------- ##

This file was extended by XChat config.status 2.8.4, which was
generated by GNU Autoconf 2.59.  Invocation command line was

  CONFIG_FILES    = 
  CONFIG_HEADERS  = 
  CONFIG_LINKS    = 
  CONFIG_COMMANDS = 
  $ ../../config.status Makefile.

on petrie.sacredspiral.co.uk

config.status:412: error: invalid argument: Makefile.

## ---------------------- ##
## Running config.status. ##
## ---------------------- ##

This file was extended by XChat config.status 2.8.4, which was
generated by GNU Autoconf 2.59.  Invocation command line was

  CONFIG_FILES    = 
  CONFIG_HEADERS  = 
  CONFIG_LINKS    = 
  CONFIG_COMMANDS = 
  $ ../../config.status Makefile

on petrie.sacredspiral.co.uk

config.status:412: error: invalid argument: Makefile

## ---------------------- ##
## Running config.status. ##
## ---------------------- ##

This file was extended by XChat config.status 2.8.4, which was
generated by GNU Autoconf 2.59.  Invocation command line was

  CONFIG_FILES    = 
  CONFIG_HEADERS  = 
  CONFIG_LINKS    = 
  CONFIG_COMMANDS = 
  $ ../../config.status -h Makefile

on petrie.sacredspiral.co.uk


## ---------------------- ##
## Running config.status. ##
## ---------------------- ##

This file was extended by XChat config.status 2.8.4, which was
generated by GNU Autoconf 2.59.  Invocation command line was

  CONFIG_FILES    = 
  CONFIG_HEADERS  = 
  CONFIG_LINKS    = 
  CONFIG_COMMANDS = 
  $ ../../config.status --file=Makefile

on petrie.sacredspiral.co.uk

config.status:833: creating Makefile
